<?xml version="1.0" encoding="UTF-8"?>
<!-- Generated by org.testng.reporters.JUnitReportReporter -->
<testsuite skipped="0" hostname="Admin-PC" name="getRequest.PostData" tests="3" failures="0" timestamp="30 Jan 2019 17:14:08 GMT" time="6.096" errors="0">
  <testcase name="testPostMethod" time="0.857" classname="getRequest.PostData"/>
  <testcase name="testPostMethod" time="4.388" classname="getRequest.PostData"/>
  <testcase name="testPostMethod" time="0.851" classname="getRequest.PostData"/>
</testsuite> <!-- getRequest.PostData -->
